<?xml version="1.0" encoding="UTF-8"?>
<!-- Generated by org.testng.reporters.JUnitReportReporter -->
<testsuite hostname="DIAS" failures="0" tests="1" name="com.sevenmarket.tests.HomeTest" time="2.576" errors="0" timestamp="2025-05-23T03:28:33 IST" skipped="0">
  <testcase classname="com.sevenmarket.tests.HomeTest" name="verifyAdminUserMoreInfoClick" time="2.576"/>
</testsuite> <!-- com.sevenmarket.tests.HomeTest -->
