<?xml version="1.0" encoding="UTF-8"?>
<!-- Generated by org.testng.reporters.JUnitReportReporter -->
<testsuite hostname="DIAS" failures="0" tests="1" name="com.sevenmarket.tests.LoginTest" time="3.371" errors="0" timestamp="2025-05-25T09:58:10 IST" skipped="0">
  <testcase classname="com.sevenmarket.tests.LoginTest" name="dummyTestCase" time="3.371"/>
</testsuite> <!-- com.sevenmarket.tests.LoginTest -->
